# JRE version: OpenJDK Runtime Environment GraalVM CE 22.3.0 (17.0.5+8) (build 17.0.5+8-jvmci-22.3-b08)
# Java VM: OpenJDK 64-Bit Server VM GraalVM CE 22.3.0 (17.0.5+8-jvmci-22.3-b08, mixed mode, sharing, tiered, jvmci, jvmci compiler, compressed oops, compressed class ptrs, parallel gc, linux-amd64)
GC Precious Log:
 CPUs: 8 total, 1 available
 Memory: 1024M
 Large Page Support: Disabled
 NUMA Support: Disabled
 Compressed Oops: Enabled (32-bit)
 Alignments: Space 512K, Generation 512K, Heap 2M
 Heap Min Capacity: 100M
 Heap Initial Capacity: 100M
 Heap Max Capacity: 512M
 Pre-touch: Disabled
 Parallel Workers: 1
Heap:
 PSYoungGen      total 48128K, used 35839K [0x00000000f5580000, 0x00000000f9200000, 0x0000000100000000)
  eden space 35840K, 99% used [0x00000000f5580000,0x00000000f787fff0,0x00000000f7880000)
  from space 12288K, 0% used [0x00000000f7880000,0x00000000f7880000,0x00000000f8480000)
  to   space 9216K, 0% used [0x00000000f8780000,0x00000000f8780000,0x00000000f9080000)
 ParOldGen       total 349696K, used 349695K [0x00000000e0000000, 0x00000000f5580000, 0x00000000f5580000)
  object space 349696K, 99% used [0x00000000e0000000,0x00000000f557fff0,0x00000000f5580000)
 Metaspace       used 57735K, committed 58880K, reserved 1105920K
  class space    used 5840K, committed 6272K, reserved 1048576K
GC Heap History (20 events):
Event: 1022.738 GC heap before
{Heap before GC invocations=666 (full 594):
 PSYoungGen      total 48128K, used 35839K [0x00000000f5580000, 0x00000000f9200000, 0x0000000100000000)
  eden space 35840K, 99% used [0x00000000f5580000,0x00000000f787fff8,0x00000000f7880000)
  from space 12288K, 0% used [0x00000000f7880000,0x00000000f7880000,0x00000000f8480000)
  to   space 9216K, 0% used [0x00000000f8780000,0x00000000f8780000,0x00000000f9080000)
 ParOldGen       total 349696K, used 349693K [0x00000000e0000000, 0x00000000f5580000, 0x00000000f5580000)
  object space 349696K, 99% used [0x00000000e0000000,0x00000000f557f598,0x00000000f5580000)
 Metaspace       used 57735K, committed 58880K, reserved 1105920K
  class space    used 5840K, committed 6272K, reserved 1048576K
}
Event: 1024.222 GC heap after
{Heap after GC invocations=666 (full 594):
 PSYoungGen      total 45056K, used 35839K [0x00000000f5580000, 0x00000000f9200000, 0x0000000100000000)
  eden space 35840K, 99% used [0x00000000f5580000,0x00000000f787fed0,0x00000000f7880000)
  from space 9216K, 0% used [0x00000000f8780000,0x00000000f8780000,0x00000000f9080000)
  to   space 12288K, 0% used [0x00000000f7880000,0x00000000f7880000,0x00000000f8480000)
 ParOldGen       total 349696K, used 349693K [0x00000000e0000000, 0x00000000f5580000, 0x00000000f5580000)
  object space 349696K, 99% used [0x00000000e0000000,0x00000000f557f4f0,0x00000000f5580000)
 Metaspace       used 57735K, committed 58880K, reserved 1105920K
  class space    used 5840K, committed 6272K, reserved 1048576K
}
Event: 1024.222 GC heap before
{Heap before GC invocations=667 (full 595):
 PSYoungGen      total 45056K, used 35839K [0x00000000f5580000, 0x00000000f9200000, 0x0000000100000000)
  eden space 35840K, 99% used [0x00000000f5580000,0x00000000f787fff0,0x00000000f7880000)
  from space 9216K, 0% used [0x00000000f8780000,0x00000000f8780000,0x00000000f9080000)
  to   space 12288K, 0% used [0x00000000f7880000,0x00000000f7880000,0x00000000f8480000)
 ParOldGen       total 349696K, used 349693K [0x00000000e0000000, 0x00000000f5580000, 0x00000000f5580000)
  object space 349696K, 99% used [0x00000000e0000000,0x00000000f557f4f0,0x00000000f5580000)
 Metaspace       used 57735K, committed 58880K, reserved 1105920K
  class space    used 5840K, committed 6272K, reserved 1048576K
}
Event: 1025.706 GC heap after
{Heap after GC invocations=667 (full 595):
 PSYoungGen      total 48128K, used 35839K [0x00000000f5580000, 0x00000000f9200000, 0x0000000100000000)
  eden space 35840K, 99% used [0x00000000f5580000,0x00000000f787ffd8,0x00000000f7880000)
  from space 12288K, 0% used [0x00000000f7880000,0x00000000f7880000,0x00000000f8480000)
  to   space 9216K, 0% used [0x00000000f8780000,0x00000000f8780000,0x00000000f9080000)
 ParOldGen       total 349696K, used 349693K [0x00000000e0000000, 0x00000000f5580000, 0x00000000f5580000)
  object space 349696K, 99% used [0x00000000e0000000,0x00000000f557f4f0,0x00000000f5580000)
 Metaspace       used 57735K, committed 58880K, reserved 1105920K
  class space    used 5840K, committed 6272K, reserved 1048576K
}
Event: 1025.707 GC heap before
{Heap before GC invocations=668 (full 596):
 PSYoungGen      total 48128K, used 35840K [0x00000000f5580000, 0x00000000f9200000, 0x0000000100000000)
  eden space 35840K, 100% used [0x00000000f5580000,0x00000000f7880000,0x00000000f7880000)
  from space 12288K, 0% used [0x00000000f7880000,0x00000000f7880000,0x00000000f8480000)
  to   space 9216K, 0% used [0x00000000f8780000,0x00000000f8780000,0x00000000f9080000)
 ParOldGen       total 349696K, used 349694K [0x00000000e0000000, 0x00000000f5580000, 0x00000000f5580000)
  object space 349696K, 99% used [0x00000000e0000000,0x00000000f557fa00,0x00000000f5580000)
 Metaspace       used 57735K, committed 58880K, reserved 1105920K
  class space    used 5840K, committed 6272K, reserved 1048576K
}
Event: 1027.210 GC heap after
{Heap after GC invocations=668 (full 596):
 PSYoungGen      total 45056K, used 35839K [0x00000000f5580000, 0x00000000f9200000, 0x0000000100000000)
  eden space 35840K, 99% used [0x00000000f5580000,0x00000000f787ffa8,0x00000000f7880000)
  from space 9216K, 0% used [0x00000000f8780000,0x00000000f8780000,0x00000000f9080000)
  to   space 12288K, 0% used [0x00000000f7880000,0x00000000f7880000,0x00000000f8480000)
 ParOldGen       total 349696K, used 349693K [0x00000000e0000000, 0x00000000f5580000, 0x00000000f5580000)
  object space 349696K, 99% used [0x00000000e0000000,0x00000000f557f700,0x00000000f5580000)
 Metaspace       used 57735K, committed 58880K, reserved 1105920K
  class space    used 5840K, committed 6272K, reserved 1048576K
}
Event: 1027.210 GC heap before
{Heap before GC invocations=669 (full 597):
 PSYoungGen      total 45056K, used 35839K [0x00000000f5580000, 0x00000000f9200000, 0x0000000100000000)
  eden space 35840K, 99% used [0x00000000f5580000,0x00000000f787fff0,0x00000000f7880000)
  from space 9216K, 0% used [0x00000000f8780000,0x00000000f8780000,0x00000000f9080000)
  to   space 12288K, 0% used [0x00000000f7880000,0x00000000f7880000,0x00000000f8480000)
 ParOldGen       total 349696K, used 349693K [0x00000000e0000000, 0x00000000f5580000, 0x00000000f5580000)
  object space 349696K, 99% used [0x00000000e0000000,0x00000000f557f700,0x00000000f5580000)
 Metaspace       used 57735K, committed 58880K, reserved 1105920K
  class space    used 5840K, committed 6272K, reserved 1048576K
}
Event: 1028.818 GC heap after
{Heap after GC invocations=669 (full 597):
 PSYoungGen      total 48128K, used 35839K [0x00000000f5580000, 0x00000000f9200000, 0x0000000100000000)
  eden space 35840K, 99% used [0x00000000f5580000,0x00000000f787fff0,0x00000000f7880000)
  from space 12288K, 0% used [0x00000000f7880000,0x00000000f7880000,0x00000000f8480000)
  to   space 9216K, 0% used [0x00000000f8780000,0x00000000f8780000,0x00000000f9080000)
 ParOldGen       total 349696K, used 349693K [0x00000000e0000000, 0x00000000f5580000, 0x00000000f5580000)
  object space 349696K, 99% used [0x00000000e0000000,0x00000000f557f6e0,0x00000000f5580000)
 Metaspace       used 57735K, committed 58880K, reserved 1105920K
  class space    used 5840K, committed 6272K, reserved 1048576K
}
Event: 1028.819 GC heap before
{Heap before GC invocations=670 (full 598):
 PSYoungGen      total 48128K, used 35839K [0x00000000f5580000, 0x00000000f9200000, 0x0000000100000000)
  eden space 35840K, 99% used [0x00000000f5580000,0x00000000f787fff0,0x00000000f7880000)
  from space 12288K, 0% used [0x00000000f7880000,0x00000000f7880000,0x00000000f8480000)
  to   space 9216K, 0% used [0x00000000f8780000,0x00000000f8780000,0x00000000f9080000)
 ParOldGen       total 349696K, used 349695K [0x00000000e0000000, 0x00000000f5580000, 0x00000000f5580000)
  object space 349696K, 99% used [0x00000000e0000000,0x00000000f557fdb8,0x00000000f5580000)
 Metaspace       used 57735K, committed 58880K, reserved 1105920K
  class space    used 5840K, committed 6272K, reserved 1048576K
}
Event: 1030.370 GC heap after
{Heap after GC invocations=670 (full 598):
 PSYoungGen      total 45056K, used 35839K [0x00000000f5580000, 0x00000000f9200000, 0x0000000100000000)
  eden space 35840K, 99% used [0x00000000f5580000,0x00000000f787ff18,0x00000000f7880000)
  from space 9216K, 0% used [0x00000000f8780000,0x00000000f8780000,0x00000000f9080000)
  to   space 12288K, 0% used [0x00000000f7880000,0x00000000f7880000,0x00000000f8480000)
 ParOldGen       total 349696K, used 349695K [0x00000000e0000000, 0x00000000f5580000, 0x00000000f5580000)
  object space 349696K, 99% used [0x00000000e0000000,0x00000000f557fdb8,0x00000000f5580000)
 Metaspace       used 57735K, committed 58880K, reserved 1105920K
  class space    used 5840K, committed 6272K, reserved 1048576K
}
Event: 1030.370 GC heap before
{Heap before GC invocations=671 (full 599):
 PSYoungGen      total 45056K, used 35840K [0x00000000f5580000, 0x00000000f9200000, 0x0000000100000000)
  eden space 35840K, 100% used [0x00000000f5580000,0x00000000f7880000,0x00000000f7880000)
  from space 9216K, 0% used [0x00000000f8780000,0x00000000f8780000,0x00000000f9080000)
  to   space 12288K, 0% used [0x00000000f7880000,0x00000000f7880000,0x00000000f8480000)
 ParOldGen       total 349696K, used 349695K [0x00000000e0000000, 0x00000000f5580000, 0x00000000f5580000)
  object space 349696K, 99% used [0x00000000e0000000,0x00000000f557fdb8,0x00000000f5580000)
 Metaspace       used 57735K, committed 58880K, reserved 1105920K
  class space    used 5840K, committed 6272K, reserved 1048576K
}
Event: 1032.117 GC heap after
{Heap after GC invocations=671 (full 599):
 PSYoungGen      total 48128K, used 35839K [0x00000000f5580000, 0x00000000f9200000, 0x0000000100000000)
  eden space 35840K, 99% used [0x00000000f5580000,0x00000000f787fff0,0x00000000f7880000)
  from space 12288K, 0% used [0x00000000f7880000,0x00000000f7880000,0x00000000f8480000)
  to   space 9216K, 0% used [0x00000000f8780000,0x00000000f8780000,0x00000000f9080000)
 ParOldGen       total 349696K, used 349695K [0x00000000e0000000, 0x00000000f5580000, 0x00000000f5580000)
  object space 349696K, 99% used [0x00000000e0000000,0x00000000f557fdb8,0x00000000f5580000)
 Metaspace       used 57735K, committed 58880K, reserved 1105920K
  class space    used 5840K, committed 6272K, reserved 1048576K
}
Event: 1032.123 GC heap before
{Heap before GC invocations=672 (full 600):
 PSYoungGen      total 48128K, used 35839K [0x00000000f5580000, 0x00000000f9200000, 0x0000000100000000)
  eden space 35840K, 99% used [0x00000000f5580000,0x00000000f787fff0,0x00000000f7880000)
  from space 12288K, 0% used [0x00000000f7880000,0x00000000f7880000,0x00000000f8480000)
  to   space 9216K, 0% used [0x00000000f8780000,0x00000000f8780000,0x00000000f9080000)
 ParOldGen       total 349696K, used 349695K [0x00000000e0000000, 0x00000000f5580000, 0x00000000f5580000)
  object space 349696K, 99% used [0x00000000e0000000,0x00000000f557ff70,0x00000000f5580000)
 Metaspace       used 57735K, committed 58880K, reserved 1105920K
  class space    used 5840K, committed 6272K, reserved 1048576K
}
Event: 1033.747 GC heap after
{Heap after GC invocations=672 (full 600):
 PSYoungGen      total 45056K, used 35839K [0x00000000f5580000, 0x00000000f9200000, 0x0000000100000000)
  eden space 35840K, 99% used [0x00000000f5580000,0x00000000f787ffa8,0x00000000f7880000)
  from space 9216K, 0% used [0x00000000f8780000,0x00000000f8780000,0x00000000f9080000)
  to   space 12288K, 0% used [0x00000000f7880000,0x00000000f7880000,0x00000000f8480000)
 ParOldGen       total 349696K, used 349695K [0x00000000e0000000, 0x00000000f5580000, 0x00000000f5580000)
  object space 349696K, 99% used [0x00000000e0000000,0x00000000f557ff40,0x00000000f5580000)
 Metaspace       used 57735K, committed 58880K, reserved 1105920K
  class space    used 5840K, committed 6272K, reserved 1048576K
}
Event: 1033.747 GC heap before
{Heap before GC invocations=673 (full 601):
 PSYoungGen      total 45056K, used 35839K [0x00000000f5580000, 0x00000000f9200000, 0x0000000100000000)
  eden space 35840K, 99% used [0x00000000f5580000,0x00000000f787ffa8,0x00000000f7880000)
  from space 9216K, 0% used [0x00000000f8780000,0x00000000f8780000,0x00000000f9080000)
  to   space 12288K, 0% used [0x00000000f7880000,0x00000000f7880000,0x00000000f8480000)
 ParOldGen       total 349696K, used 349695K [0x00000000e0000000, 0x00000000f5580000, 0x00000000f5580000)
  object space 349696K, 99% used [0x00000000e0000000,0x00000000f557ff40,0x00000000f5580000)
 Metaspace       used 57735K, committed 58880K, reserved 1105920K
  class space    used 5840K, committed 6272K, reserved 1048576K
}
Event: 1035.388 GC heap after
{Heap after GC invocations=673 (full 601):
 PSYoungGen      total 48128K, used 35839K [0x00000000f5580000, 0x00000000f9200000, 0x0000000100000000)
  eden space 35840K, 99% used [0x00000000f5580000,0x00000000f787ff48,0x00000000f7880000)
  from space 12288K, 0% used [0x00000000f7880000,0x00000000f7880000,0x00000000f8480000)
  to   space 9216K, 0% used [0x00000000f8780000,0x00000000f8780000,0x00000000f9080000)
 ParOldGen       total 349696K, used 349695K [0x00000000e0000000, 0x00000000f5580000, 0x00000000f5580000)
  object space 349696K, 99% used [0x00000000e0000000,0x00000000f557fd20,0x00000000f5580000)
 Metaspace       used 57735K, committed 58880K, reserved 1105920K
  class space    used 5840K, committed 6272K, reserved 1048576K
}
Event: 1035.388 GC heap before
{Heap before GC invocations=674 (full 602):
 PSYoungGen      total 48128K, used 35840K [0x00000000f5580000, 0x00000000f9200000, 0x0000000100000000)
  eden space 35840K, 100% used [0x00000000f5580000,0x00000000f7880000,0x00000000f7880000)
  from space 12288K, 0% used [0x00000000f7880000,0x00000000f7880000,0x00000000f8480000)
  to   space 9216K, 0% used [0x00000000f8780000,0x00000000f8780000,0x00000000f9080000)
 ParOldGen       total 349696K, used 349695K [0x00000000e0000000, 0x00000000f5580000, 0x00000000f5580000)
  object space 349696K, 99% used [0x00000000e0000000,0x00000000f557fed0,0x00000000f5580000)
 Metaspace       used 57735K, committed 58880K, reserved 1105920K
  class space    used 5840K, committed 6272K, reserved 1048576K
}
Event: 1037.057 GC heap after
{Heap after GC invocations=674 (full 602):
 PSYoungGen      total 45056K, used 35839K [0x00000000f5580000, 0x00000000f9200000, 0x0000000100000000)
  eden space 35840K, 99% used [0x00000000f5580000,0x00000000f787ff70,0x00000000f7880000)
  from space 9216K, 0% used [0x00000000f8780000,0x00000000f8780000,0x00000000f9080000)
  to   space 12288K, 0% used [0x00000000f7880000,0x00000000f7880000,0x00000000f8480000)
 ParOldGen       total 349696K, used 349695K [0x00000000e0000000, 0x00000000f5580000, 0x00000000f5580000)
  object space 349696K, 99% used [0x00000000e0000000,0x00000000f557fe90,0x00000000f5580000)
 Metaspace       used 57735K, committed 58880K, reserved 1105920K
  class space    used 5840K, committed 6272K, reserved 1048576K
}
Event: 1037.057 GC heap before
{Heap before GC invocations=675 (full 603):
 PSYoungGen      total 45056K, used 35839K [0x00000000f5580000, 0x00000000f9200000, 0x0000000100000000)
  eden space 35840K, 99% used [0x00000000f5580000,0x00000000f787ff70,0x00000000f7880000)
  from space 9216K, 0% used [0x00000000f8780000,0x00000000f8780000,0x00000000f9080000)
  to   space 12288K, 0% used [0x00000000f7880000,0x00000000f7880000,0x00000000f8480000)
 ParOldGen       total 349696K, used 349695K [0x00000000e0000000, 0x00000000f5580000, 0x00000000f5580000)
  object space 349696K, 99% used [0x00000000e0000000,0x00000000f557fe90,0x00000000f5580000)
 Metaspace       used 57735K, committed 58880K, reserved 1105920K
  class space    used 5840K, committed 6272K, reserved 1048576K
}
Event: 1038.711 GC heap after
{Heap after GC invocations=675 (full 603):
 PSYoungGen      total 48128K, used 35839K [0x00000000f5580000, 0x00000000f9200000, 0x0000000100000000)
  eden space 35840K, 99% used [0x00000000f5580000,0x00000000f787ff70,0x00000000f7880000)
  from space 12288K, 0% used [0x00000000f7880000,0x00000000f7880000,0x00000000f8480000)
  to   space 9216K, 0% used [0x00000000f8780000,0x00000000f8780000,0x00000000f9080000)
 ParOldGen       total 349696K, used 349695K [0x00000000e0000000, 0x00000000f5580000, 0x00000000f5580000)
  object space 349696K, 99% used [0x00000000e0000000,0x00000000f557fe90,0x00000000f5580000)
 Metaspace       used 57735K, committed 58880K, reserved 1105920K
  class space    used 5840K, committed 6272K, reserved 1048576K
}

